19-Nov-2025 12:47:36.354 INFO [main] org.apache.catalina.startup.VersionLoggerListener.log Server version name:   Apache Tomcat/9.0.89
19-Nov-2025 12:47:36.361 INFO [main] org.apache.catalina.startup.VersionLoggerListener.log Server built:          May 3 2024 20:22:11 UTC
19-Nov-2025 12:47:36.362 INFO [main] org.apache.catalina.startup.VersionLoggerListener.log Server version number: 9.0.89.0
19-Nov-2025 12:47:36.362 INFO [main] org.apache.catalina.startup.VersionLoggerListener.log OS Name:               Windows 10
19-Nov-2025 12:47:36.362 INFO [main] org.apache.catalina.startup.VersionLoggerListener.log OS Version:            10.0
19-Nov-2025 12:47:36.362 INFO [main] org.apache.catalina.startup.VersionLoggerListener.log Architecture:          amd64
19-Nov-2025 12:47:36.362 INFO [main] org.apache.catalina.startup.VersionLoggerListener.log Java Home:             C:\Program Files\Java\jdk-21
19-Nov-2025 12:47:36.362 INFO [main] org.apache.catalina.startup.VersionLoggerListener.log JVM Version:           21.0.8+12-LTS-250
19-Nov-2025 12:47:36.363 INFO [main] org.apache.catalina.startup.VersionLoggerListener.log JVM Vendor:            Oracle Corporation
19-Nov-2025 12:47:36.363 INFO [main] org.apache.catalina.startup.VersionLoggerListener.log CATALINA_BASE:         C:\Users\IET\Desktop\apache-tomcat-9.0.89-windows-x64\apache-tomcat-9.0.89
19-Nov-2025 12:47:36.363 INFO [main] org.apache.catalina.startup.VersionLoggerListener.log CATALINA_HOME:         C:\Users\IET\Desktop\apache-tomcat-9.0.89-windows-x64\apache-tomcat-9.0.89
19-Nov-2025 12:47:36.382 INFO [main] org.apache.catalina.startup.VersionLoggerListener.log Command line argument: --add-opens=java.base/java.lang=ALL-UNNAMED
19-Nov-2025 12:47:36.382 INFO [main] org.apache.catalina.startup.VersionLoggerListener.log Command line argument: --add-opens=java.base/java.io=ALL-UNNAMED
19-Nov-2025 12:47:36.383 INFO [main] org.apache.catalina.startup.VersionLoggerListener.log Command line argument: --add-opens=java.base/java.util=ALL-UNNAMED
19-Nov-2025 12:47:36.383 INFO [main] org.apache.catalina.startup.VersionLoggerListener.log Command line argument: --add-opens=java.base/java.util.concurrent=ALL-UNNAMED
19-Nov-2025 12:47:36.383 INFO [main] org.apache.catalina.startup.VersionLoggerListener.log Command line argument: --add-opens=java.rmi/sun.rmi.transport=ALL-UNNAMED
19-Nov-2025 12:47:36.384 INFO [main] org.apache.catalina.startup.VersionLoggerListener.log Command line argument: -Djava.util.logging.config.file=C:\Users\IET\Desktop\apache-tomcat-9.0.89-windows-x64\apache-tomcat-9.0.89\conf\logging.properties
19-Nov-2025 12:47:36.384 INFO [main] org.apache.catalina.startup.VersionLoggerListener.log Command line argument: -Djava.util.logging.manager=org.apache.juli.ClassLoaderLogManager
19-Nov-2025 12:47:36.386 INFO [main] org.apache.catalina.startup.VersionLoggerListener.log Command line argument: -Djdk.tls.ephemeralDHKeySize=2048
19-Nov-2025 12:47:36.387 INFO [main] org.apache.catalina.startup.VersionLoggerListener.log Command line argument: -Djava.protocol.handler.pkgs=org.apache.catalina.webresources
19-Nov-2025 12:47:36.388 INFO [main] org.apache.catalina.startup.VersionLoggerListener.log Command line argument: -Dignore.endorsed.dirs=
19-Nov-2025 12:47:36.389 INFO [main] org.apache.catalina.startup.VersionLoggerListener.log Command line argument: -Dcatalina.base=C:\Users\IET\Desktop\apache-tomcat-9.0.89-windows-x64\apache-tomcat-9.0.89
19-Nov-2025 12:47:36.389 INFO [main] org.apache.catalina.startup.VersionLoggerListener.log Command line argument: -Dcatalina.home=C:\Users\IET\Desktop\apache-tomcat-9.0.89-windows-x64\apache-tomcat-9.0.89
19-Nov-2025 12:47:36.390 INFO [main] org.apache.catalina.startup.VersionLoggerListener.log Command line argument: -Djava.io.tmpdir=C:\Users\IET\Desktop\apache-tomcat-9.0.89-windows-x64\apache-tomcat-9.0.89\temp
19-Nov-2025 12:47:36.394 INFO [main] org.apache.catalina.core.AprLifecycleListener.lifecycleEvent Loaded Apache Tomcat Native library [1.3.0] using APR version [1.7.4].
19-Nov-2025 12:47:36.395 INFO [main] org.apache.catalina.core.AprLifecycleListener.lifecycleEvent APR capabilities: IPv6 [true], sendfile [true], accept filters [false], random [true], UDS [true].
19-Nov-2025 12:47:36.395 INFO [main] org.apache.catalina.core.AprLifecycleListener.lifecycleEvent APR/OpenSSL configuration: useAprConnector [false], useOpenSSL [true]
19-Nov-2025 12:47:36.403 INFO [main] org.apache.catalina.core.AprLifecycleListener.initializeSSL OpenSSL successfully initialized [OpenSSL 3.0.13 30 Jan 2024]
19-Nov-2025 12:47:36.848 INFO [main] org.apache.coyote.AbstractProtocol.init Initializing ProtocolHandler ["http-nio-8080"]
19-Nov-2025 12:47:36.895 INFO [main] org.apache.catalina.startup.Catalina.load Server initialization in [791] milliseconds
19-Nov-2025 12:47:36.971 INFO [main] org.apache.catalina.core.StandardService.startInternal Starting service [Catalina]
19-Nov-2025 12:47:36.972 INFO [main] org.apache.catalina.core.StandardEngine.startInternal Starting Servlet engine: [Apache Tomcat/9.0.89]
19-Nov-2025 12:47:36.988 INFO [main] org.apache.catalina.startup.HostConfig.deployDirectory Deploying web application directory [C:\Users\IET\Desktop\apache-tomcat-9.0.89-windows-x64\apache-tomcat-9.0.89\webapps\docs]
19-Nov-2025 12:47:37.431 INFO [main] org.apache.catalina.startup.HostConfig.deployDirectory Deployment of web application directory [C:\Users\IET\Desktop\apache-tomcat-9.0.89-windows-x64\apache-tomcat-9.0.89\webapps\docs] has finished in [442] ms
19-Nov-2025 12:47:37.432 INFO [main] org.apache.catalina.startup.HostConfig.deployDirectory Deploying web application directory [C:\Users\IET\Desktop\apache-tomcat-9.0.89-windows-x64\apache-tomcat-9.0.89\webapps\examples]
19-Nov-2025 12:47:38.063 INFO [main] org.apache.catalina.startup.HostConfig.deployDirectory Deployment of web application directory [C:\Users\IET\Desktop\apache-tomcat-9.0.89-windows-x64\apache-tomcat-9.0.89\webapps\examples] has finished in [631] ms
19-Nov-2025 12:47:38.065 INFO [main] org.apache.catalina.startup.HostConfig.deployDirectory Deploying web application directory [C:\Users\IET\Desktop\apache-tomcat-9.0.89-windows-x64\apache-tomcat-9.0.89\webapps\host-manager]
19-Nov-2025 12:47:38.123 INFO [main] org.apache.catalina.startup.HostConfig.deployDirectory Deployment of web application directory [C:\Users\IET\Desktop\apache-tomcat-9.0.89-windows-x64\apache-tomcat-9.0.89\webapps\host-manager] has finished in [58] ms
19-Nov-2025 12:47:38.124 INFO [main] org.apache.catalina.startup.HostConfig.deployDirectory Deploying web application directory [C:\Users\IET\Desktop\apache-tomcat-9.0.89-windows-x64\apache-tomcat-9.0.89\webapps\manager]
19-Nov-2025 12:47:38.181 INFO [main] org.apache.catalina.startup.HostConfig.deployDirectory Deployment of web application directory [C:\Users\IET\Desktop\apache-tomcat-9.0.89-windows-x64\apache-tomcat-9.0.89\webapps\manager] has finished in [58] ms
19-Nov-2025 12:47:38.182 INFO [main] org.apache.catalina.startup.HostConfig.deployDirectory Deploying web application directory [C:\Users\IET\Desktop\apache-tomcat-9.0.89-windows-x64\apache-tomcat-9.0.89\webapps\myapps]
19-Nov-2025 12:47:38.225 INFO [main] org.apache.catalina.startup.HostConfig.deployDirectory Deployment of web application directory [C:\Users\IET\Desktop\apache-tomcat-9.0.89-windows-x64\apache-tomcat-9.0.89\webapps\myapps] has finished in [43] ms
19-Nov-2025 12:47:38.225 INFO [main] org.apache.catalina.startup.HostConfig.deployDirectory Deploying web application directory [C:\Users\IET\Desktop\apache-tomcat-9.0.89-windows-x64\apache-tomcat-9.0.89\webapps\ROOT]
19-Nov-2025 12:47:38.259 INFO [main] org.apache.catalina.startup.HostConfig.deployDirectory Deployment of web application directory [C:\Users\IET\Desktop\apache-tomcat-9.0.89-windows-x64\apache-tomcat-9.0.89\webapps\ROOT] has finished in [34] ms
19-Nov-2025 12:47:38.264 INFO [main] org.apache.coyote.AbstractProtocol.start Starting ProtocolHandler ["http-nio-8080"]
19-Nov-2025 12:47:38.296 INFO [main] org.apache.catalina.startup.Catalina.start Server startup in [1398] milliseconds
19-Nov-2025 12:53:08.859 INFO [Catalina-utility-2] org.apache.catalina.startup.HostConfig.reload Reloading context [/myapps]
19-Nov-2025 12:53:08.860 INFO [Catalina-utility-2] org.apache.catalina.core.StandardContext.reload Reloading Context with name [/myapps] has started
19-Nov-2025 12:53:08.929 INFO [Catalina-utility-2] org.apache.catalina.core.StandardContext.reload Reloading Context with name [/myapps] is completed
19-Nov-2025 12:53:33.456 INFO [Thread-1] org.apache.coyote.AbstractProtocol.pause Pausing ProtocolHandler ["http-nio-8080"]
19-Nov-2025 12:53:33.471 INFO [Thread-1] org.apache.catalina.core.StandardService.stopInternal Stopping service [Catalina]
19-Nov-2025 12:53:33.504 INFO [Thread-1] org.apache.coyote.AbstractProtocol.stop Stopping ProtocolHandler ["http-nio-8080"]
19-Nov-2025 12:53:33.512 INFO [Thread-1] org.apache.coyote.AbstractProtocol.destroy Destroying ProtocolHandler ["http-nio-8080"]
19-Nov-2025 12:53:38.797 INFO [main] org.apache.catalina.startup.VersionLoggerListener.log Server version name:   Apache Tomcat/9.0.89
19-Nov-2025 12:53:38.802 INFO [main] org.apache.catalina.startup.VersionLoggerListener.log Server built:          May 3 2024 20:22:11 UTC
19-Nov-2025 12:53:38.802 INFO [main] org.apache.catalina.startup.VersionLoggerListener.log Server version number: 9.0.89.0
19-Nov-2025 12:53:38.803 INFO [main] org.apache.catalina.startup.VersionLoggerListener.log OS Name:               Windows 10
19-Nov-2025 12:53:38.803 INFO [main] org.apache.catalina.startup.VersionLoggerListener.log OS Version:            10.0
19-Nov-2025 12:53:38.803 INFO [main] org.apache.catalina.startup.VersionLoggerListener.log Architecture:          amd64
19-Nov-2025 12:53:38.803 INFO [main] org.apache.catalina.startup.VersionLoggerListener.log Java Home:             C:\Program Files\Java\jdk-21
19-Nov-2025 12:53:38.803 INFO [main] org.apache.catalina.startup.VersionLoggerListener.log JVM Version:           21.0.8+12-LTS-250
19-Nov-2025 12:53:38.803 INFO [main] org.apache.catalina.startup.VersionLoggerListener.log JVM Vendor:            Oracle Corporation
19-Nov-2025 12:53:38.804 INFO [main] org.apache.catalina.startup.VersionLoggerListener.log CATALINA_BASE:         C:\Users\IET\Desktop\apache-tomcat-9.0.89-windows-x64\apache-tomcat-9.0.89
19-Nov-2025 12:53:38.804 INFO [main] org.apache.catalina.startup.VersionLoggerListener.log CATALINA_HOME:         C:\Users\IET\Desktop\apache-tomcat-9.0.89-windows-x64\apache-tomcat-9.0.89
19-Nov-2025 12:53:38.815 INFO [main] org.apache.catalina.startup.VersionLoggerListener.log Command line argument: --add-opens=java.base/java.lang=ALL-UNNAMED
19-Nov-2025 12:53:38.815 INFO [main] org.apache.catalina.startup.VersionLoggerListener.log Command line argument: --add-opens=java.base/java.io=ALL-UNNAMED
19-Nov-2025 12:53:38.816 INFO [main] org.apache.catalina.startup.VersionLoggerListener.log Command line argument: --add-opens=java.base/java.util=ALL-UNNAMED
19-Nov-2025 12:53:38.816 INFO [main] org.apache.catalina.startup.VersionLoggerListener.log Command line argument: --add-opens=java.base/java.util.concurrent=ALL-UNNAMED
19-Nov-2025 12:53:38.816 INFO [main] org.apache.catalina.startup.VersionLoggerListener.log Command line argument: --add-opens=java.rmi/sun.rmi.transport=ALL-UNNAMED
19-Nov-2025 12:53:38.817 INFO [main] org.apache.catalina.startup.VersionLoggerListener.log Command line argument: -Djava.util.logging.config.file=C:\Users\IET\Desktop\apache-tomcat-9.0.89-windows-x64\apache-tomcat-9.0.89\conf\logging.properties
19-Nov-2025 12:53:38.817 INFO [main] org.apache.catalina.startup.VersionLoggerListener.log Command line argument: -Djava.util.logging.manager=org.apache.juli.ClassLoaderLogManager
19-Nov-2025 12:53:38.818 INFO [main] org.apache.catalina.startup.VersionLoggerListener.log Command line argument: -Djdk.tls.ephemeralDHKeySize=2048
19-Nov-2025 12:53:38.818 INFO [main] org.apache.catalina.startup.VersionLoggerListener.log Command line argument: -Djava.protocol.handler.pkgs=org.apache.catalina.webresources
19-Nov-2025 12:53:38.819 INFO [main] org.apache.catalina.startup.VersionLoggerListener.log Command line argument: -Dignore.endorsed.dirs=
19-Nov-2025 12:53:38.819 INFO [main] org.apache.catalina.startup.VersionLoggerListener.log Command line argument: -Dcatalina.base=C:\Users\IET\Desktop\apache-tomcat-9.0.89-windows-x64\apache-tomcat-9.0.89
19-Nov-2025 12:53:38.820 INFO [main] org.apache.catalina.startup.VersionLoggerListener.log Command line argument: -Dcatalina.home=C:\Users\IET\Desktop\apache-tomcat-9.0.89-windows-x64\apache-tomcat-9.0.89
19-Nov-2025 12:53:38.820 INFO [main] org.apache.catalina.startup.VersionLoggerListener.log Command line argument: -Djava.io.tmpdir=C:\Users\IET\Desktop\apache-tomcat-9.0.89-windows-x64\apache-tomcat-9.0.89\temp
19-Nov-2025 12:53:38.824 INFO [main] org.apache.catalina.core.AprLifecycleListener.lifecycleEvent Loaded Apache Tomcat Native library [1.3.0] using APR version [1.7.4].
19-Nov-2025 12:53:38.827 INFO [main] org.apache.catalina.core.AprLifecycleListener.lifecycleEvent APR capabilities: IPv6 [true], sendfile [true], accept filters [false], random [true], UDS [true].
19-Nov-2025 12:53:38.827 INFO [main] org.apache.catalina.core.AprLifecycleListener.lifecycleEvent APR/OpenSSL configuration: useAprConnector [false], useOpenSSL [true]
19-Nov-2025 12:53:38.836 INFO [main] org.apache.catalina.core.AprLifecycleListener.initializeSSL OpenSSL successfully initialized [OpenSSL 3.0.13 30 Jan 2024]
19-Nov-2025 12:53:39.235 INFO [main] org.apache.coyote.AbstractProtocol.init Initializing ProtocolHandler ["http-nio-8080"]
19-Nov-2025 12:53:39.271 INFO [main] org.apache.catalina.startup.Catalina.load Server initialization in [695] milliseconds
19-Nov-2025 12:53:39.334 INFO [main] org.apache.catalina.core.StandardService.startInternal Starting service [Catalina]
19-Nov-2025 12:53:39.335 INFO [main] org.apache.catalina.core.StandardEngine.startInternal Starting Servlet engine: [Apache Tomcat/9.0.89]
19-Nov-2025 12:53:39.347 INFO [main] org.apache.catalina.startup.HostConfig.deployDirectory Deploying web application directory [C:\Users\IET\Desktop\apache-tomcat-9.0.89-windows-x64\apache-tomcat-9.0.89\webapps\docs]
19-Nov-2025 12:53:39.728 INFO [main] org.apache.catalina.startup.HostConfig.deployDirectory Deployment of web application directory [C:\Users\IET\Desktop\apache-tomcat-9.0.89-windows-x64\apache-tomcat-9.0.89\webapps\docs] has finished in [380] ms
19-Nov-2025 12:53:39.729 INFO [main] org.apache.catalina.startup.HostConfig.deployDirectory Deploying web application directory [C:\Users\IET\Desktop\apache-tomcat-9.0.89-windows-x64\apache-tomcat-9.0.89\webapps\examples]
19-Nov-2025 12:53:40.339 INFO [main] org.apache.catalina.startup.HostConfig.deployDirectory Deployment of web application directory [C:\Users\IET\Desktop\apache-tomcat-9.0.89-windows-x64\apache-tomcat-9.0.89\webapps\examples] has finished in [610] ms
19-Nov-2025 12:53:40.340 INFO [main] org.apache.catalina.startup.HostConfig.deployDirectory Deploying web application directory [C:\Users\IET\Desktop\apache-tomcat-9.0.89-windows-x64\apache-tomcat-9.0.89\webapps\host-manager]
19-Nov-2025 12:53:40.395 INFO [main] org.apache.catalina.startup.HostConfig.deployDirectory Deployment of web application directory [C:\Users\IET\Desktop\apache-tomcat-9.0.89-windows-x64\apache-tomcat-9.0.89\webapps\host-manager] has finished in [55] ms
19-Nov-2025 12:53:40.395 INFO [main] org.apache.catalina.startup.HostConfig.deployDirectory Deploying web application directory [C:\Users\IET\Desktop\apache-tomcat-9.0.89-windows-x64\apache-tomcat-9.0.89\webapps\manager]
19-Nov-2025 12:53:40.449 INFO [main] org.apache.catalina.startup.HostConfig.deployDirectory Deployment of web application directory [C:\Users\IET\Desktop\apache-tomcat-9.0.89-windows-x64\apache-tomcat-9.0.89\webapps\manager] has finished in [54] ms
19-Nov-2025 12:53:40.449 INFO [main] org.apache.catalina.startup.HostConfig.deployDirectory Deploying web application directory [C:\Users\IET\Desktop\apache-tomcat-9.0.89-windows-x64\apache-tomcat-9.0.89\webapps\myapps]
19-Nov-2025 12:53:40.501 INFO [main] org.apache.catalina.startup.HostConfig.deployDirectory Deployment of web application directory [C:\Users\IET\Desktop\apache-tomcat-9.0.89-windows-x64\apache-tomcat-9.0.89\webapps\myapps] has finished in [52] ms
19-Nov-2025 12:53:40.502 INFO [main] org.apache.catalina.startup.HostConfig.deployDirectory Deploying web application directory [C:\Users\IET\Desktop\apache-tomcat-9.0.89-windows-x64\apache-tomcat-9.0.89\webapps\ROOT]
19-Nov-2025 12:53:40.536 INFO [main] org.apache.catalina.startup.HostConfig.deployDirectory Deployment of web application directory [C:\Users\IET\Desktop\apache-tomcat-9.0.89-windows-x64\apache-tomcat-9.0.89\webapps\ROOT] has finished in [34] ms
19-Nov-2025 12:53:40.543 INFO [main] org.apache.coyote.AbstractProtocol.start Starting ProtocolHandler ["http-nio-8080"]
19-Nov-2025 12:53:40.578 INFO [main] org.apache.catalina.startup.Catalina.start Server startup in [1304] milliseconds
19-Nov-2025 12:56:19.775 INFO [Thread-1] org.apache.coyote.AbstractProtocol.pause Pausing ProtocolHandler ["http-nio-8080"]
19-Nov-2025 12:56:19.787 INFO [Thread-1] org.apache.catalina.core.StandardService.stopInternal Stopping service [Catalina]
19-Nov-2025 12:56:19.829 INFO [Thread-1] org.apache.coyote.AbstractProtocol.stop Stopping ProtocolHandler ["http-nio-8080"]
19-Nov-2025 12:56:19.844 INFO [Thread-1] org.apache.coyote.AbstractProtocol.destroy Destroying ProtocolHandler ["http-nio-8080"]
19-Nov-2025 12:56:52.969 INFO [main] org.apache.catalina.startup.VersionLoggerListener.log Server version name:   Apache Tomcat/9.0.89
19-Nov-2025 12:56:52.973 INFO [main] org.apache.catalina.startup.VersionLoggerListener.log Server built:          May 3 2024 20:22:11 UTC
19-Nov-2025 12:56:52.974 INFO [main] org.apache.catalina.startup.VersionLoggerListener.log Server version number: 9.0.89.0
19-Nov-2025 12:56:52.975 INFO [main] org.apache.catalina.startup.VersionLoggerListener.log OS Name:               Windows 10
19-Nov-2025 12:56:52.975 INFO [main] org.apache.catalina.startup.VersionLoggerListener.log OS Version:            10.0
19-Nov-2025 12:56:52.975 INFO [main] org.apache.catalina.startup.VersionLoggerListener.log Architecture:          amd64
19-Nov-2025 12:56:52.977 INFO [main] org.apache.catalina.startup.VersionLoggerListener.log Java Home:             C:\Program Files\Java\jdk-21
19-Nov-2025 12:56:52.977 INFO [main] org.apache.catalina.startup.VersionLoggerListener.log JVM Version:           21.0.8+12-LTS-250
19-Nov-2025 12:56:52.977 INFO [main] org.apache.catalina.startup.VersionLoggerListener.log JVM Vendor:            Oracle Corporation
19-Nov-2025 12:56:52.978 INFO [main] org.apache.catalina.startup.VersionLoggerListener.log CATALINA_BASE:         C:\Users\IET\Desktop\apache-tomcat-9.0.89-windows-x64\apache-tomcat-9.0.89
19-Nov-2025 12:56:52.978 INFO [main] org.apache.catalina.startup.VersionLoggerListener.log CATALINA_HOME:         C:\Users\IET\Desktop\apache-tomcat-9.0.89-windows-x64\apache-tomcat-9.0.89
19-Nov-2025 12:56:52.989 INFO [main] org.apache.catalina.startup.VersionLoggerListener.log Command line argument: --add-opens=java.base/java.lang=ALL-UNNAMED
19-Nov-2025 12:56:52.989 INFO [main] org.apache.catalina.startup.VersionLoggerListener.log Command line argument: --add-opens=java.base/java.io=ALL-UNNAMED
19-Nov-2025 12:56:52.989 INFO [main] org.apache.catalina.startup.VersionLoggerListener.log Command line argument: --add-opens=java.base/java.util=ALL-UNNAMED
19-Nov-2025 12:56:52.989 INFO [main] org.apache.catalina.startup.VersionLoggerListener.log Command line argument: --add-opens=java.base/java.util.concurrent=ALL-UNNAMED
19-Nov-2025 12:56:52.989 INFO [main] org.apache.catalina.startup.VersionLoggerListener.log Command line argument: --add-opens=java.rmi/sun.rmi.transport=ALL-UNNAMED
19-Nov-2025 12:56:52.990 INFO [main] org.apache.catalina.startup.VersionLoggerListener.log Command line argument: -Djava.util.logging.config.file=C:\Users\IET\Desktop\apache-tomcat-9.0.89-windows-x64\apache-tomcat-9.0.89\conf\logging.properties
19-Nov-2025 12:56:52.991 INFO [main] org.apache.catalina.startup.VersionLoggerListener.log Command line argument: -Djava.util.logging.manager=org.apache.juli.ClassLoaderLogManager
19-Nov-2025 12:56:52.991 INFO [main] org.apache.catalina.startup.VersionLoggerListener.log Command line argument: -Djdk.tls.ephemeralDHKeySize=2048
19-Nov-2025 12:56:52.992 INFO [main] org.apache.catalina.startup.VersionLoggerListener.log Command line argument: -Djava.protocol.handler.pkgs=org.apache.catalina.webresources
19-Nov-2025 12:56:52.992 INFO [main] org.apache.catalina.startup.VersionLoggerListener.log Command line argument: -Dignore.endorsed.dirs=
19-Nov-2025 12:56:52.993 INFO [main] org.apache.catalina.startup.VersionLoggerListener.log Command line argument: -Dcatalina.base=C:\Users\IET\Desktop\apache-tomcat-9.0.89-windows-x64\apache-tomcat-9.0.89
19-Nov-2025 12:56:52.993 INFO [main] org.apache.catalina.startup.VersionLoggerListener.log Command line argument: -Dcatalina.home=C:\Users\IET\Desktop\apache-tomcat-9.0.89-windows-x64\apache-tomcat-9.0.89
19-Nov-2025 12:56:52.993 INFO [main] org.apache.catalina.startup.VersionLoggerListener.log Command line argument: -Djava.io.tmpdir=C:\Users\IET\Desktop\apache-tomcat-9.0.89-windows-x64\apache-tomcat-9.0.89\temp
19-Nov-2025 12:56:52.999 INFO [main] org.apache.catalina.core.AprLifecycleListener.lifecycleEvent Loaded Apache Tomcat Native library [1.3.0] using APR version [1.7.4].
19-Nov-2025 12:56:52.999 INFO [main] org.apache.catalina.core.AprLifecycleListener.lifecycleEvent APR capabilities: IPv6 [true], sendfile [true], accept filters [false], random [true], UDS [true].
19-Nov-2025 12:56:52.999 INFO [main] org.apache.catalina.core.AprLifecycleListener.lifecycleEvent APR/OpenSSL configuration: useAprConnector [false], useOpenSSL [true]
19-Nov-2025 12:56:53.008 INFO [main] org.apache.catalina.core.AprLifecycleListener.initializeSSL OpenSSL successfully initialized [OpenSSL 3.0.13 30 Jan 2024]
19-Nov-2025 12:56:53.414 INFO [main] org.apache.coyote.AbstractProtocol.init Initializing ProtocolHandler ["http-nio-8080"]
19-Nov-2025 12:56:53.449 INFO [main] org.apache.catalina.startup.Catalina.load Server initialization in [698] milliseconds
19-Nov-2025 12:56:53.512 INFO [main] org.apache.catalina.core.StandardService.startInternal Starting service [Catalina]
19-Nov-2025 12:56:53.512 INFO [main] org.apache.catalina.core.StandardEngine.startInternal Starting Servlet engine: [Apache Tomcat/9.0.89]
19-Nov-2025 12:56:53.524 INFO [main] org.apache.catalina.startup.HostConfig.deployDirectory Deploying web application directory [C:\Users\IET\Desktop\apache-tomcat-9.0.89-windows-x64\apache-tomcat-9.0.89\webapps\docs]
19-Nov-2025 12:56:53.890 INFO [main] org.apache.catalina.startup.HostConfig.deployDirectory Deployment of web application directory [C:\Users\IET\Desktop\apache-tomcat-9.0.89-windows-x64\apache-tomcat-9.0.89\webapps\docs] has finished in [366] ms
19-Nov-2025 12:56:53.891 INFO [main] org.apache.catalina.startup.HostConfig.deployDirectory Deploying web application directory [C:\Users\IET\Desktop\apache-tomcat-9.0.89-windows-x64\apache-tomcat-9.0.89\webapps\examples]
19-Nov-2025 12:56:54.470 INFO [main] org.apache.catalina.startup.HostConfig.deployDirectory Deployment of web application directory [C:\Users\IET\Desktop\apache-tomcat-9.0.89-windows-x64\apache-tomcat-9.0.89\webapps\examples] has finished in [578] ms
19-Nov-2025 12:56:54.471 INFO [main] org.apache.catalina.startup.HostConfig.deployDirectory Deploying web application directory [C:\Users\IET\Desktop\apache-tomcat-9.0.89-windows-x64\apache-tomcat-9.0.89\webapps\host-manager]
19-Nov-2025 12:56:54.528 INFO [main] org.apache.catalina.startup.HostConfig.deployDirectory Deployment of web application directory [C:\Users\IET\Desktop\apache-tomcat-9.0.89-windows-x64\apache-tomcat-9.0.89\webapps\host-manager] has finished in [57] ms
19-Nov-2025 12:56:54.528 INFO [main] org.apache.catalina.startup.HostConfig.deployDirectory Deploying web application directory [C:\Users\IET\Desktop\apache-tomcat-9.0.89-windows-x64\apache-tomcat-9.0.89\webapps\manager]
19-Nov-2025 12:56:54.588 INFO [main] org.apache.catalina.startup.HostConfig.deployDirectory Deployment of web application directory [C:\Users\IET\Desktop\apache-tomcat-9.0.89-windows-x64\apache-tomcat-9.0.89\webapps\manager] has finished in [60] ms
19-Nov-2025 12:56:54.589 INFO [main] org.apache.catalina.startup.HostConfig.deployDirectory Deploying web application directory [C:\Users\IET\Desktop\apache-tomcat-9.0.89-windows-x64\apache-tomcat-9.0.89\webapps\myapps]
19-Nov-2025 12:56:54.640 INFO [main] org.apache.catalina.startup.HostConfig.deployDirectory Deployment of web application directory [C:\Users\IET\Desktop\apache-tomcat-9.0.89-windows-x64\apache-tomcat-9.0.89\webapps\myapps] has finished in [51] ms
19-Nov-2025 12:56:54.640 INFO [main] org.apache.catalina.startup.HostConfig.deployDirectory Deploying web application directory [C:\Users\IET\Desktop\apache-tomcat-9.0.89-windows-x64\apache-tomcat-9.0.89\webapps\ROOT]
19-Nov-2025 12:56:54.674 INFO [main] org.apache.catalina.startup.HostConfig.deployDirectory Deployment of web application directory [C:\Users\IET\Desktop\apache-tomcat-9.0.89-windows-x64\apache-tomcat-9.0.89\webapps\ROOT] has finished in [34] ms
19-Nov-2025 12:56:54.680 INFO [main] org.apache.coyote.AbstractProtocol.start Starting ProtocolHandler ["http-nio-8080"]
19-Nov-2025 12:56:54.710 INFO [main] org.apache.catalina.startup.Catalina.start Server startup in [1257] milliseconds
